TN:
SF:src/background/index.ts
FN:1,(empty-report)
FNF:1
FNH:0
FNDA:0,(empty-report)
DA:1,0
DA:7,0
DA:13,0
DA:14,0
DA:15,0
DA:16,0
DA:17,0
DA:18,0
DA:24,0
DA:25,0
DA:26,0
DA:27,0
DA:29,0
DA:30,0
DA:31,0
DA:36,0
DA:38,0
DA:39,0
DA:45,0
DA:46,0
DA:47,0
DA:48,0
DA:50,0
DA:51,0
DA:52,0
DA:53,0
DA:54,0
DA:55,0
DA:56,0
DA:58,0
DA:59,0
DA:61,0
DA:62,0
DA:64,0
DA:65,0
DA:67,0
DA:68,0
DA:70,0
DA:71,0
DA:73,0
DA:74,0
DA:75,0
DA:76,0
DA:77,0
DA:83,0
DA:84,0
DA:85,0
DA:86,0
DA:88,0
DA:90,0
DA:91,0
DA:92,0
DA:93,0
DA:95,0
DA:97,0
DA:98,0
DA:99,0
DA:100,0
DA:101,0
DA:103,0
DA:104,0
DA:105,0
DA:106,0
DA:107,0
DA:108,0
DA:110,0
DA:111,0
DA:112,0
DA:113,0
DA:115,0
DA:116,0
DA:117,0
DA:118,0
DA:119,0
DA:121,0
DA:123,0
DA:124,0
DA:126,0
DA:127,0
DA:128,0
DA:129,0
DA:130,0
DA:131,0
DA:133,0
DA:134,0
DA:135,0
DA:136,0
DA:142,0
DA:143,0
DA:145,0
DA:147,0
DA:150,0
DA:153,0
DA:154,0
DA:155,0
DA:156,0
DA:157,0
DA:158,0
DA:159,0
DA:160,0
DA:161,0
DA:163,0
DA:164,0
DA:166,0
DA:172,0
DA:174,0
DA:175,0
DA:176,0
DA:177,0
DA:179,0
DA:180,0
DA:186,0
DA:187,0
DA:188,0
DA:189,0
DA:190,0
DA:191,0
DA:192,0
DA:194,0
DA:195,0
DA:196,0
DA:197,0
DA:200,0
LF:123
LH:0
BRDA:1,0,0,0
BRF:1
BRH:0
end_of_record
TN:
SF:src/content-script/data-collector.ts
FN:11,<instance_members_initializer>
FN:18,DataCollector
FN:22,get isCollecting
FN:30,start
FN:44,stop
FN:56,getCurrentPrice
FN:63,getPriceHistory
FN:70,getRecentPrices
FN:85,setupPriceObserver
FN:116,handlePriceUpdate
FN:131,parsePrice
FN:141,recordTick
FN:163,getCurrentTicker
FN:171,notifyPriceUpdate
FNF:14
FNH:9
FNDA:8,<instance_members_initializer>
FNDA:8,DataCollector
FNDA:5,get isCollecting
FNDA:4,start
FNDA:2,stop
FNDA:1,getCurrentPrice
FNDA:1,getPriceHistory
FNDA:1,getRecentPrices
FNDA:3,setupPriceObserver
FNDA:0,handlePriceUpdate
FNDA:0,parsePrice
FNDA:0,recordTick
FNDA:0,getCurrentTicker
FNDA:0,notifyPriceUpdate
DA:10,1
DA:11,1
DA:12,8
DA:13,8
DA:14,8
DA:15,8
DA:16,8
DA:18,1
DA:19,8
DA:20,8
DA:22,1
DA:23,5
DA:24,5
DA:30,1
DA:31,4
DA:33,3
DA:34,3
DA:38,3
DA:39,4
DA:44,1
DA:45,2
DA:47,1
DA:48,2
DA:49,2
DA:50,2
DA:51,2
DA:56,1
DA:57,1
DA:58,1
DA:63,1
DA:64,1
DA:65,1
DA:70,1
DA:71,1
DA:72,1
DA:73,1
DA:74,1
DA:85,1
DA:86,3
DA:88,3
DA:89,3
DA:91,3
DA:92,3
DA:94,0
DA:95,0
DA:96,0
DA:97,0
DA:98,0
DA:99,0
DA:100,0
DA:102,0
DA:103,0
DA:104,0
DA:105,0
DA:106,0
DA:109,0
DA:110,3
DA:116,1
DA:117,0
DA:118,0
DA:120,0
DA:121,0
DA:123,0
DA:124,0
DA:125,0
DA:131,1
DA:133,0
DA:134,0
DA:135,0
DA:136,0
DA:141,1
DA:142,0
DA:143,0
DA:144,0
DA:145,0
DA:146,0
DA:148,0
DA:151,0
DA:152,0
DA:153,0
DA:156,0
DA:157,0
DA:163,1
DA:164,0
DA:165,0
DA:166,0
DA:171,1
DA:172,0
DA:173,0
DA:174,0
DA:175,0
DA:177,0
DA:178,0
DA:179,1
LF:94
LH:50
BRDA:11,0,0,8
BRDA:18,1,0,8
BRDA:22,2,0,5
BRDA:30,3,0,4
BRDA:31,4,0,1
BRDA:31,5,0,3
BRDA:44,6,0,2
BRDA:45,7,0,1
BRDA:48,8,0,0
BRDA:56,9,0,1
BRDA:63,10,0,1
BRDA:70,11,0,1
BRDA:85,12,0,3
BRDA:92,13,0,0
BRF:14
BRH:12
end_of_record
TN:
SF:src/content-script/executor.ts
FN:11,<instance_members_initializer>
FN:15,TradeExecutor
FN:19,get isTrading
FN:27,startAutoTrading
FN:44,stopAutoTrading
FN:65,executeTrade
FN:111,getTradeButton
FN:123,validateTradeConditions
FN:141,setTradeAmount
FN:149,simulateClick
FN:162,getCurrentBalance
FNF:11
FNH:8
FNDA:9,<instance_members_initializer>
FNDA:9,TradeExecutor
FNDA:3,get isTrading
FNDA:6,startAutoTrading
FNDA:3,stopAutoTrading
FNDA:1,executeTrade
FNDA:0,getTradeButton
FNDA:1,validateTradeConditions
FNDA:0,setTradeAmount
FNDA:0,simulateClick
FNDA:1,getCurrentBalance
DA:10,1
DA:11,1
DA:12,9
DA:13,9
DA:15,1
DA:16,9
DA:17,9
DA:19,1
DA:20,3
DA:21,3
DA:27,1
DA:28,6
DA:29,1
DA:30,1
DA:32,5
DA:33,5
DA:38,5
DA:39,6
DA:44,1
DA:45,3
DA:46,1
DA:47,1
DA:49,2
DA:51,3
DA:52,0
DA:53,0
DA:54,0
DA:56,2
DA:58,2
DA:59,3
DA:65,1
DA:66,1
DA:68,1
DA:70,1
DA:71,1
DA:72,1
DA:73,1
DA:76,0
DA:77,0
DA:78,0
DA:79,0
DA:82,0
DA:83,0
DA:84,0
DA:87,0
DA:90,0
DA:91,0
DA:92,0
DA:93,0
DA:95,0
DA:96,0
DA:97,0
DA:98,0
DA:99,0
DA:100,1
DA:111,1
DA:112,0
DA:113,0
DA:114,0
DA:116,0
DA:117,0
DA:123,1
DA:125,1
DA:126,1
DA:128,1
DA:129,1
DA:130,1
DA:134,0
DA:135,1
DA:141,1
DA:143,0
DA:144,0
DA:149,1
DA:150,0
DA:151,0
DA:152,0
DA:153,0
DA:154,0
DA:155,0
DA:156,0
DA:162,1
DA:163,1
DA:164,1
DA:166,1
DA:167,1
DA:168,1
DA:170,1
DA:171,1
DA:172,1
LF:89
LH:54
BRDA:11,0,0,9
BRDA:15,1,0,9
BRDA:19,2,0,3
BRDA:27,3,0,6
BRDA:28,4,0,1
BRDA:30,5,0,5
BRDA:44,6,0,3
BRDA:45,7,0,1
BRDA:47,8,0,2
BRDA:51,9,0,0
BRDA:54,10,0,2
BRDA:65,11,0,1
BRDA:73,12,0,0
BRDA:123,13,0,1
BRDA:128,14,0,0
BRDA:130,15,0,0
BRDA:162,16,0,1
BRDA:164,17,0,0
BRDA:166,18,0,0
BRDA:170,19,0,0
BRDA:170,20,0,0
BRF:21
BRH:13
end_of_record
TN:
SF:src/content-script/index.ts
FN:1,(empty-report)
FNF:1
FNH:0
FNDA:0,(empty-report)
DA:1,0
DA:5,0
DA:6,0
DA:7,0
DA:9,0
DA:10,0
DA:11,0
DA:16,0
DA:17,0
DA:19,0
DA:22,0
DA:25,0
DA:27,0
DA:28,0
DA:31,0
DA:33,0
DA:34,0
DA:35,0
DA:40,0
DA:41,0
DA:42,0
DA:43,0
DA:44,0
DA:45,0
DA:46,0
DA:47,0
DA:52,0
DA:53,0
DA:54,0
DA:55,0
DA:56,0
DA:57,0
DA:58,0
DA:60,0
DA:61,0
DA:62,0
DA:63,0
DA:64,0
DA:65,0
DA:66,0
DA:68,0
DA:70,0
DA:71,0
DA:72,0
DA:73,0
DA:74,0
DA:75,0
DA:81,0
DA:82,0
DA:83,0
DA:84,0
DA:86,0
DA:87,0
DA:88,0
DA:89,0
DA:91,0
DA:92,0
DA:94,0
DA:95,0
DA:96,0
DA:97,0
DA:98,0
DA:99,0
DA:101,0
DA:102,0
DA:103,0
DA:104,0
DA:105,0
DA:111,0
DA:112,0
DA:113,0
DA:114,0
DA:115,0
LF:73
LH:0
BRDA:1,0,0,0
BRF:1
BRH:0
end_of_record
TN:
SF:src/lib/db/index.ts
FN:9,<instance_members_initializer>
FN:14,PocketDB
FN:33,add
FN:37,bulkAdd
FN:41,getByTicker
FN:50,getByTimeRange
FN:57,deleteOlderThan
FN:61,count
FN:67,create
FN:71,update
FN:75,getById
FN:79,getAll
FN:83,delete
FN:89,create
FN:93,update
FN:97,getById
FN:101,getByType
FN:105,getRecent
FN:109,finalize
FN:126,create
FN:130,update
FN:134,getById
FN:138,getBySession
FN:142,getPending
FN:146,finalize
FNF:25
FNH:17
FNDA:1,<instance_members_initializer>
FNDA:1,PocketDB
FNDA:5,add
FNDA:1,bulkAdd
FNDA:1,getByTicker
FNDA:0,getByTimeRange
FNDA:1,deleteOlderThan
FNDA:2,count
FNDA:4,create
FNDA:1,update
FNDA:3,getById
FNDA:0,getAll
FNDA:1,delete
FNDA:3,create
FNDA:0,update
FNDA:1,getById
FNDA:0,getByType
FNDA:0,getRecent
FNDA:1,finalize
FNDA:1,create
FNDA:0,update
FNDA:1,getById
FNDA:0,getBySession
FNDA:0,getPending
FNDA:1,finalize
DA:1,1
DA:8,1
DA:9,1
DA:10,1
DA:11,1
DA:12,1
DA:14,1
DA:15,1
DA:17,1
DA:18,1
DA:19,1
DA:20,1
DA:21,1
DA:22,1
DA:23,1
DA:24,1
DA:26,1
DA:32,1
DA:33,1
DA:34,5
DA:35,5
DA:37,1
DA:38,1
DA:39,1
DA:41,1
DA:42,1
DA:43,1
DA:44,1
DA:45,1
DA:46,1
DA:47,1
DA:48,1
DA:50,1
DA:51,0
DA:52,0
DA:53,0
DA:54,0
DA:55,0
DA:57,1
DA:58,1
DA:59,1
DA:61,1
DA:62,2
DA:63,2
DA:64,1
DA:66,1
DA:67,1
DA:68,4
DA:69,4
DA:71,1
DA:72,1
DA:73,1
DA:75,1
DA:76,3
DA:77,3
DA:79,1
DA:80,0
DA:81,0
DA:83,1
DA:84,1
DA:85,1
DA:86,1
DA:88,1
DA:89,1
DA:90,3
DA:91,3
DA:93,1
DA:94,0
DA:95,0
DA:97,1
DA:98,1
DA:99,1
DA:101,1
DA:102,0
DA:103,0
DA:105,1
DA:106,0
DA:107,0
DA:109,1
DA:110,1
DA:111,1
DA:113,1
DA:114,1
DA:115,0
DA:117,1
DA:118,1
DA:119,1
DA:120,1
DA:121,1
DA:122,1
DA:123,1
DA:125,1
DA:126,1
DA:127,1
DA:128,1
DA:130,1
DA:131,0
DA:132,0
DA:134,1
DA:135,1
DA:136,1
DA:138,1
DA:139,0
DA:140,0
DA:142,1
DA:143,0
DA:144,0
DA:146,1
DA:147,1
DA:148,1
DA:149,1
DA:150,1
DA:151,1
DA:152,1
DA:155,1
DA:156,1
DA:157,1
DA:158,1
DA:159,1
DA:160,1
DA:161,1
DA:162,1
DA:163,1
DA:164,1
DA:165,1
DA:166,1
DA:167,1
LF:127
LH:107
BRDA:9,0,0,1
BRDA:14,1,0,1
BRDA:33,2,0,5
BRDA:37,3,0,1
BRDA:41,4,0,1
BRDA:57,5,0,1
BRDA:61,6,0,2
BRDA:67,7,0,4
BRDA:71,8,0,1
BRDA:75,9,0,3
BRDA:83,10,0,1
BRDA:89,11,0,3
BRDA:97,12,0,1
BRDA:109,13,0,1
BRDA:111,14,0,0
BRDA:114,15,0,0
BRDA:126,16,0,1
BRDA:134,17,0,1
BRDA:146,18,0,1
BRDA:161,19,0,0
BRDA:162,20,0,0
BRF:21
BRH:17
end_of_record
TN:
SF:src/lib/indicators/index.ts
FN:11,calculateSMA
FN:25,calculateEMA
FN:48,calculateRSI
FN:92,calculateBollingerBands
FN:122,calculateMACD
FN:158,crossAbove
FN:165,crossBelow
FNF:7
FNH:7
FNDA:109,calculateSMA
FNDA:104,calculateEMA
FNDA:3,calculateRSI
FNDA:3,calculateBollingerBands
FNDA:3,calculateMACD
FNDA:3,crossAbove
FNDA:3,crossBelow
DA:11,1
DA:12,109
DA:14,105
DA:15,105
DA:16,105
DA:17,105
DA:25,1
DA:26,104
DA:28,103
DA:31,103
DA:32,104
DA:35,104
DA:36,1935
DA:37,1935
DA:39,103
DA:40,103
DA:48,1
DA:49,3
DA:51,2
DA:52,3
DA:53,30
DA:54,30
DA:56,2
DA:57,2
DA:60,3
DA:61,28
DA:62,5
DA:63,28
DA:64,2
DA:65,2
DA:68,2
DA:69,2
DA:70,2
DA:71,1
DA:72,1
DA:73,1
DA:74,1
DA:75,1
DA:76,1
DA:77,2
DA:79,3
DA:81,1
DA:82,1
DA:83,1
DA:92,1
DA:93,3
DA:94,3
DA:95,3
DA:96,3
DA:97,3
DA:99,2
DA:100,2
DA:103,2
DA:104,2
DA:105,2
DA:107,2
DA:108,2
DA:109,2
DA:110,2
DA:111,2
DA:112,2
DA:122,1
DA:123,3
DA:124,3
DA:125,3
DA:126,3
DA:127,3
DA:128,3
DA:131,2
DA:132,3
DA:133,50
DA:134,50
DA:135,50
DA:136,50
DA:137,50
DA:138,50
DA:139,50
DA:141,3
DA:143,2
DA:144,3
DA:146,2
DA:148,2
DA:149,2
DA:150,2
DA:151,2
DA:152,2
DA:153,2
DA:158,1
DA:159,3
DA:160,3
DA:165,1
DA:166,3
DA:167,3
LF:93
LH:93
BRDA:11,0,0,109
BRDA:12,1,0,107
BRDA:12,2,0,4
BRDA:12,3,0,105
BRDA:15,4,0,1929
BRDA:25,5,0,104
BRDA:26,6,0,103
BRDA:26,7,0,1
BRDA:26,8,0,103
BRDA:32,9,0,0
BRDA:32,10,0,103
BRDA:35,11,0,1935
BRDA:37,12,0,103
BRDA:48,13,0,3
BRDA:49,14,0,2
BRDA:49,15,0,1
BRDA:49,16,0,2
BRDA:52,17,0,30
BRDA:54,18,0,2
BRDA:60,19,0,28
BRDA:61,20,0,23
BRDA:61,21,0,5
BRDA:63,22,0,2
BRDA:70,23,0,1
BRDA:79,24,0,1
BRDA:92,25,0,3
BRDA:97,26,0,2
BRDA:97,27,0,1
BRDA:97,28,0,2
BRDA:100,29,0,40
BRDA:103,30,0,40
BRDA:104,31,0,40
BRDA:122,32,0,3
BRDA:128,33,0,2
BRDA:128,34,0,2
BRDA:128,35,0,1
BRDA:128,36,0,2
BRDA:132,37,0,50
BRDA:139,38,0,2
BRDA:141,39,0,0
BRDA:141,40,0,2
BRDA:144,41,0,0
BRDA:144,42,0,2
BRDA:158,43,0,3
BRDA:159,44,0,1
BRDA:165,45,0,3
BRDA:166,46,0,1
BRF:47
BRH:44
end_of_record
TN:
SF:src/lib/types/index.ts
FNF:0
FNH:0
DA:128,1
DA:129,1
DA:130,1
DA:131,1
DA:132,1
DA:133,1
DA:134,1
DA:135,1
LF:8
LH:8
BRF:0
BRH:0
end_of_record
TN:
SF:src/side-panel/App.tsx
FN:1,(empty-report)
FNF:1
FNH:0
FNDA:0,(empty-report)
DA:1,0
DA:9,0
DA:10,0
DA:11,0
DA:13,0
DA:14,0
DA:15,0
DA:17,0
DA:18,0
DA:19,0
DA:20,0
DA:21,0
DA:22,0
DA:23,0
DA:24,0
DA:25,0
DA:27,0
DA:28,0
DA:29,0
DA:30,0
DA:31,0
DA:32,0
DA:33,0
DA:34,0
DA:35,0
DA:37,0
DA:38,0
DA:40,0
DA:41,0
DA:43,0
DA:44,0
DA:45,0
DA:46,0
DA:47,0
DA:48,0
DA:49,0
DA:50,0
DA:51,0
DA:54,0
DA:57,0
DA:58,0
DA:59,0
DA:60,0
DA:61,0
DA:62,0
DA:65,0
DA:66,0
DA:68,0
LF:48
LH:0
BRDA:1,0,0,0
BRF:1
BRH:0
end_of_record
TN:
SF:src/side-panel/components/ControlPanel.test.tsx
FNF:0
FNH:0
DA:1,1
DA:2,1
DA:3,1
DA:5,1
DA:6,1
DA:7,1
DA:8,1
DA:9,1
DA:10,1
DA:11,1
DA:13,1
DA:14,1
DA:15,1
DA:16,1
DA:18,1
DA:19,1
DA:20,1
DA:21,1
DA:23,1
DA:24,1
DA:25,1
DA:26,1
DA:28,1
DA:29,1
DA:30,1
DA:32,1
DA:33,1
DA:34,1
DA:36,1
DA:37,1
DA:38,1
DA:40,1
DA:41,1
DA:42,1
DA:44,1
DA:45,1
DA:46,1
DA:47,1
DA:49,1
DA:50,1
DA:51,1
DA:52,1
DA:54,1
DA:55,1
DA:56,1
DA:57,1
DA:58,1
DA:60,1
DA:61,1
DA:62,1
DA:63,1
DA:64,1
DA:65,1
LF:53
LH:53
BRDA:5,0,0,1
BRDA:13,1,0,1
BRDA:18,2,0,1
BRDA:23,3,0,1
BRDA:28,4,0,1
BRDA:36,5,0,1
BRDA:44,6,0,1
BRDA:49,7,0,1
BRDA:54,8,0,1
BRDA:60,9,0,1
BRF:10
BRH:10
end_of_record
TN:
SF:src/side-panel/components/ControlPanel.tsx
FN:10,ControlPanel
FNF:1
FNH:1
FNDA:9,ControlPanel
DA:1,1
DA:10,1
DA:11,9
DA:12,9
DA:13,9
DA:15,9
DA:17,9
DA:18,9
DA:19,6
DA:20,6
DA:21,6
DA:22,6
DA:26,6
DA:27,6
DA:29,3
DA:30,3
DA:31,3
DA:32,3
DA:36,3
DA:37,3
DA:39,9
DA:42,9
DA:43,9
DA:44,9
DA:46,9
DA:48,9
DA:49,9
DA:50,9
DA:52,9
DA:54,9
DA:55,9
DA:56,9
DA:58,9
LF:33
LH:33
BRDA:10,0,0,9
BRDA:18,1,0,6
BRDA:26,2,0,2
BRDA:26,3,0,4
BRDA:27,4,0,3
BRDA:36,5,0,1
BRDA:36,6,0,2
BRF:7
BRH:7
end_of_record
TN:
SF:src/side-panel/components/LogViewer.test.tsx
FNF:0
FNH:0
DA:1,1
DA:2,1
DA:3,1
DA:6,1
DA:7,1
DA:8,1
DA:9,1
DA:10,1
DA:11,1
DA:13,1
DA:14,1
DA:15,1
DA:16,1
DA:18,1
DA:19,1
DA:20,1
DA:21,1
DA:23,1
DA:24,1
DA:25,1
DA:26,1
DA:27,1
DA:28,1
DA:30,1
DA:31,1
DA:32,1
DA:33,1
DA:34,1
DA:35,1
DA:37,1
DA:38,1
DA:39,1
DA:41,1
DA:42,1
DA:43,1
DA:45,1
DA:46,1
DA:47,1
DA:48,1
DA:49,1
LF:40
LH:40
BRDA:6,0,0,1
BRDA:13,1,0,1
BRDA:18,2,0,1
BRDA:23,3,0,1
BRDA:30,4,0,1
BRDA:37,5,0,1
BRDA:45,6,0,1
BRF:7
BRH:7
end_of_record
TN:
SF:src/side-panel/components/LogViewer.tsx
FN:9,LogViewer
FN:50,LogLine
FNF:2
FNH:2
FNDA:6,LogViewer
FNDA:12,LogLine
DA:1,1
DA:9,1
DA:10,6
DA:13,6
DA:14,6
DA:15,6
DA:16,6
DA:17,6
DA:19,6
DA:20,6
DA:21,6
DA:22,6
DA:24,6
DA:25,6
DA:26,6
DA:27,6
DA:28,6
DA:30,6
DA:31,6
DA:33,6
DA:34,6
DA:35,6
DA:36,6
DA:38,6
DA:39,2
DA:41,4
DA:42,12
DA:43,4
DA:45,6
DA:46,6
DA:48,6
DA:50,12
DA:51,12
DA:52,12
DA:53,12
DA:54,12
DA:55,12
DA:56,12
DA:58,12
DA:59,12
DA:60,12
DA:61,12
DA:62,12
DA:64,12
DA:65,12
DA:66,12
DA:67,12
DA:68,12
DA:69,12
DA:71,12
LF:50
LH:50
BRDA:9,0,0,6
BRDA:38,1,0,2
BRDA:39,2,0,4
BRDA:13,3,0,6
BRDA:41,4,0,12
BRDA:50,5,0,12
BRF:6
BRH:6
end_of_record
TN:
SF:src/side-panel/components/StatusCard.test.tsx
FNF:0
FNH:0
DA:1,1
DA:2,1
DA:3,1
DA:6,1
DA:7,1
DA:8,1
DA:9,1
DA:10,1
DA:11,1
DA:12,1
DA:14,1
DA:15,1
DA:17,1
DA:18,1
DA:19,1
DA:21,1
DA:22,1
DA:24,1
DA:25,1
DA:26,1
DA:28,1
DA:29,1
DA:30,1
DA:31,1
DA:32,1
DA:33,1
DA:34,1
DA:35,1
DA:37,1
DA:38,1
DA:39,1
DA:40,1
DA:41,1
DA:42,1
DA:43,1
DA:44,1
DA:46,1
DA:47,1
DA:48,1
DA:49,1
DA:50,1
DA:51,1
DA:52,1
DA:53,1
DA:55,1
DA:56,1
DA:57,1
DA:58,1
DA:59,1
DA:60,1
DA:61,1
DA:62,1
DA:64,1
DA:65,1
DA:66,1
DA:67,1
DA:68,1
LF:57
LH:57
BRDA:6,0,0,1
BRDA:14,1,0,1
BRDA:21,2,0,1
BRDA:28,3,0,1
BRDA:37,4,0,1
BRDA:46,5,0,1
BRDA:55,6,0,1
BRDA:64,7,0,1
BRF:8
BRH:8
end_of_record
TN:
SF:src/side-panel/components/StatusCard.tsx
FN:8,StatusCard
FN:44,StatItem
FNF:2
FNH:2
FNDA:7,StatusCard
FNDA:28,StatItem
DA:1,1
DA:8,1
DA:9,7
DA:10,7
DA:11,7
DA:13,7
DA:15,7
DA:16,7
DA:17,7
DA:18,7
DA:19,7
DA:20,7
DA:21,7
DA:22,7
DA:23,7
DA:24,7
DA:25,7
DA:26,7
DA:27,7
DA:28,7
DA:29,7
DA:30,7
DA:31,7
DA:32,7
DA:33,7
DA:34,7
DA:36,7
DA:44,28
DA:45,28
DA:46,28
DA:47,28
DA:48,28
DA:49,28
DA:51,28
LF:34
LH:34
BRDA:8,0,0,7
BRDA:18,1,0,6
BRDA:22,2,0,1
BRDA:22,3,0,6
BRDA:26,4,0,1
BRDA:26,5,0,6
BRDA:30,6,0,1
BRDA:30,7,0,6
BRDA:31,8,0,1
BRDA:31,9,0,6
BRDA:44,10,0,28
BRF:11
BRH:11
end_of_record
TN:
SF:src/side-panel/hooks/useLogs.ts
FN:14,useLogs
FNF:1
FNH:1
FNDA:14,useLogs
DA:1,1
DA:12,1
DA:14,1
DA:15,14
DA:16,14
DA:18,14
DA:19,161
DA:20,161
DA:21,161
DA:22,161
DA:23,161
DA:24,161
DA:26,161
DA:27,161
DA:29,161
DA:30,161
DA:31,14
DA:33,14
DA:34,1
DA:35,14
DA:37,14
DA:38,14
DA:39,14
DA:40,14
DA:41,14
DA:42,14
LF:26
LH:26
BRDA:14,0,0,14
BRDA:18,1,0,161
BRDA:26,2,0,161
BRDA:33,3,0,1
BRF:4
BRH:4
end_of_record
TN:
SF:src/side-panel/hooks/useTradingStatus.ts
FN:1,(empty-report)
FNF:1
FNH:0
FNDA:0,(empty-report)
DA:1,0
DA:4,0
DA:5,0
DA:6,0
DA:7,0
DA:8,0
DA:9,0
DA:11,0
DA:12,0
DA:13,0
DA:16,0
DA:17,0
DA:18,0
DA:19,0
DA:20,0
DA:21,0
DA:22,0
DA:23,0
DA:24,0
DA:27,0
DA:28,0
DA:29,0
DA:30,0
DA:31,0
DA:32,0
DA:34,0
DA:35,0
DA:36,0
DA:38,0
DA:39,0
DA:40,0
DA:41,0
DA:42,0
DA:43,0
DA:44,0
DA:45,0
DA:46,0
DA:47,0
DA:48,0
DA:50,0
DA:51,0
DA:52,0
DA:53,0
DA:54,0
DA:55,0
DA:56,0
DA:57,0
DA:58,0
DA:59,0
DA:60,0
DA:62,0
DA:63,0
DA:64,0
DA:65,0
DA:66,0
DA:67,0
DA:68,0
LF:57
LH:0
BRDA:1,0,0,0
BRF:1
BRH:0
end_of_record
